<?xml version="1.0" encoding="UTF-8"?>
<!-- Generated by org.testng.reporters.JUnitReportReporter -->
<testsuite ignored="0" hostname="Latitude-E6320" failures="0" tests="1" name="org.testing.Base.Base_FF" time="19.854" errors="0" timestamp="28 Jun 2024 17:32:49 GMT" skipped="0">
  <testcase classname="org.testing.Base.Base_FF" name="appLaunch" time="19.854"/>
</testsuite> <!-- org.testing.Base.Base_FF -->
