<?xml version="1.0" encoding="UTF-8"?>
<!-- Generated by org.testng.reporters.JUnitReportReporter -->
<testsuite ignored="0" hostname="Latitude-E6320" failures="0" tests="1" name="org.testing.testScripts.TC7_web" time="45.889" errors="0" timestamp="27 Jun 2024 23:30:10 GMT" skipped="0">
  <testcase classname="org.testing.testScripts.TC7_web" name="TC7_definition" time="45.889"/>
</testsuite> <!-- org.testing.testScripts.TC7_web -->
