<?xml version="1.0" encoding="UTF-8"?>
<!-- Generated by org.testng.reporters.JUnitReportReporter -->
<testsuite ignored="0" hostname="Latitude-E6320" failures="0" tests="1" name="org.testing.testScripts.TC1_web" time="45.411" errors="0" timestamp="02 Jul 2024 21:46:57 GMT" skipped="0">
  <testcase classname="org.testing.testScripts.TC1_web" name="TC1_definition" time="45.411"/>
</testsuite> <!-- org.testing.testScripts.TC1_web -->
