<?xml version="1.0" encoding="UTF-8"?>
<!-- Generated by org.testng.reporters.JUnitReportReporter -->
<testsuite ignored="0" hostname="Latitude-E6320" failures="0" tests="1" name="org.testing.testScripts.TC2_mob" time="7.693" errors="0" timestamp="28 Jun 2024 22:31:27 GMT" skipped="0">
  <testcase classname="org.testing.testScripts.TC2_mob" name="TC2_mob_def" time="7.693"/>
</testsuite> <!-- org.testing.testScripts.TC2_mob -->
