<?xml version="1.0" encoding="UTF-8"?>
<!-- Generated by org.testng.reporters.JUnitReportReporter -->
<testsuite ignored="0" hostname="Latitude-E6320" failures="0" tests="1" name="org.testing.testScripts.TC4_web" time="62.939" errors="0" timestamp="27 Jun 2024 23:39:25 GMT" skipped="0">
  <testcase classname="org.testing.testScripts.TC4_web" name="TC4_definition" time="62.939"/>
</testsuite> <!-- org.testing.testScripts.TC4_web -->
